<?xml version="1.0" encoding="UTF-8"?>
<testsuites name="Login_page" time="44.851" tests="2" failures="0" errors="0">
   <testsuite name="Login_page" tests="2" failures="0" errors="0" time="44.851" skipped="0" timestamp="14-03-2024T09:23:17" hostname="Asani - DESKTOP-22QI94P" id="Test Suites/Page_Login/Login_page">
      <properties>
         <property name="deviceName" value=""/>
         <property name="devicePlatform" value=""/>
         <property name="logFolder" value="C:\\Users\\Asani\\git\\KatalonGitFreeProj\\Reports\\20240314_092310\\Page_Login\\Login_page\\20240314_092310"/>
         <property name="logFiles" value="C:\\Users\\Asani\\git\\KatalonGitFreeProj\\Reports\\20240314_092310\\Page_Login\\Login_page\\20240314_092310\\execution0.log"/>
         <property name="attachments" value="C:\\Users\\Asani\\git\\KatalonGitFreeProj\\Reports\\20240314_092310\\Page_Login\\Login_page\\20240314_092310\\1710383019132.png, C:\\Users\\Asani\\git\\KatalonGitFreeProj\\Reports\\20240314_092310\\Page_Login\\Login_page\\20240314_092310\\1710383040733.png"/>
         <property name="hostName" value="Asani - DESKTOP-22QI94P"/>
         <property name="os" value="Windows 10 64bit"/>
         <property name="katalonVersion" value="9.2.0.212"/>
         <property name="browser" value="Chrome 122.0.0.0"/>
         <property name="hostAddress" value="192.168.43.146"/>
         <property name="sessionId" value="05f2c30e701f67d77831131dc1baa22d"/>
         <property name="seleniumVersion" value="3.141.59"/>
         <property name="proxyInformation" value="ProxyInformation { proxyOption=NO_PROXY, proxyServerType=HTTP, username=, password=********, proxyServerAddress=, proxyServerPort=0, executionList=&quot;&quot;, isApplyToDesiredCapabilities=true }"/>
         <property name="platform" value="Windows 10"/>
      </properties>
      <testcase name="Test Cases/LoginTest" time="25.005" classname="Test Cases/LoginTest" status="PASSED">
         <system-out><![CDATA[14-03-2024T09:23:17 - [TEST_CASE][PASSED] - Test Cases/LoginTest: Test Cases/LoginTest

14-03-2024T09:23:18 - [TEST_STEP][PASSED] - openBrowser(""): Browser is opened with url: ''

14-03-2024T09:23:18 - [MESSAGE][INFO] - Starting 'Chrome' driver

14-03-2024T09:23:18 - [MESSAGE][INFO] - Action delay is set to 0 milliseconds

14-03-2024T09:23:23 - [MESSAGE][PASSED] - Browser is opened with url: ''

14-03-2024T09:23:23 - [TEST_STEP][PASSED] - maximizeWindow(): Current window maximized

14-03-2024T09:23:23 - [MESSAGE][PASSED] - Current window maximized

14-03-2024T09:23:23 - [TEST_STEP][PASSED] - navigateToUrl("https://www.saucedemo.com/v1/index.html"): Navigate to 'https://www.saucedemo.com/v1/index.html' successfully

14-03-2024T09:23:27 - [MESSAGE][PASSED] - Navigate to 'https://www.saucedemo.com/v1/index.html' successfully

14-03-2024T09:23:27 - [TEST_STEP][PASSED] - delay(3, STOP_ON_FAILURE): Delayed 3 second(s)

14-03-2024T09:23:30 - [MESSAGE][PASSED] - Delayed 3 second(s)

14-03-2024T09:23:30 - [TEST_STEP][PASSED] - verifyElementPresent(findTestObject("Login Page/gambar_in_page_login"), 2): Object 'Object Repository/Login Page/gambar_in_page_login' is present

14-03-2024T09:23:30 - [MESSAGE][PASSED] - Object 'Object Repository/Login Page/gambar_in_page_login' is present

14-03-2024T09:23:30 - [TEST_STEP][PASSED] - setText(findTestObject("Login Page/FieldUname"), "standard_user"): Text 'standard_user' is set on object 'Object Repository/Login Page/FieldUname'

14-03-2024T09:23:31 - [MESSAGE][PASSED] - Text 'standard_user' is set on object 'Object Repository/Login Page/FieldUname'

14-03-2024T09:23:31 - [TEST_STEP][PASSED] - setText(findTestObject("Login Page/FielPass"), "secret_sauce"): Text 'secret_sauce' is set on object 'Object Repository/Login Page/FielPass'

14-03-2024T09:23:32 - [MESSAGE][PASSED] - Text 'secret_sauce' is set on object 'Object Repository/Login Page/FielPass'

14-03-2024T09:23:32 - [TEST_STEP][PASSED] - click(findTestObject("Login Page/BtnLogin")): Object: 'Object Repository/Login Page/BtnLogin' is clicked on

14-03-2024T09:23:35 - [MESSAGE][PASSED] - Object: 'Object Repository/Login Page/BtnLogin' is clicked on

14-03-2024T09:23:35 - [TEST_STEP][PASSED] - delay(3): Delayed 3 second(s)

14-03-2024T09:23:38 - [MESSAGE][PASSED] - Delayed 3 second(s)

14-03-2024T09:23:38 - [TEST_STEP][PASSED] - takeScreenshot(): Taking screenshot successfully

14-03-2024T09:23:39 - [MESSAGE][PASSED] - Taking screenshot successfully
[[ATTACHMENT|C:\\Users\\Asani\\git\\KatalonGitFreeProj\\Reports\\20240314_092310\\Page_Login\\Login_page\\20240314_092310\\1710383019132.png]]

14-03-2024T09:23:39 - [TEST_STEP][PASSED] - delay(2): Delayed 2 second(s)

14-03-2024T09:23:41 - [MESSAGE][PASSED] - Delayed 2 second(s)

14-03-2024T09:23:41 - [TEST_STEP][PASSED] - closeBrowser(): Browser is closed

14-03-2024T09:23:42 - [MESSAGE][PASSED] - Browser is closed]]></system-out>
         <system-err><![CDATA[]]></system-err>
      </testcase>
      <testcase name="Test Cases/LoginTest - Negative" time="19.512" classname="Test Cases/LoginTest - Negative" status="PASSED">
         <system-out><![CDATA[14-03-2024T09:23:42 - [TEST_CASE][PASSED] - Test Cases/LoginTest - Negative: Test Cases/LoginTest - Negative

14-03-2024T09:23:43 - [TEST_STEP][PASSED] - openBrowser(""): Browser is opened with url: ''

14-03-2024T09:23:43 - [MESSAGE][INFO] - Starting 'Chrome' driver

14-03-2024T09:23:43 - [MESSAGE][INFO] - Action delay is set to 0 milliseconds

14-03-2024T09:23:45 - [MESSAGE][PASSED] - Browser is opened with url: ''

14-03-2024T09:23:45 - [TEST_STEP][PASSED] - maximizeWindow(): Current window maximized

14-03-2024T09:23:45 - [MESSAGE][PASSED] - Current window maximized

14-03-2024T09:23:45 - [TEST_STEP][PASSED] - navigateToUrl("https://www.saucedemo.com/v1/index.html"): Navigate to 'https://www.saucedemo.com/v1/index.html' successfully

14-03-2024T09:23:50 - [MESSAGE][PASSED] - Navigate to 'https://www.saucedemo.com/v1/index.html' successfully

14-03-2024T09:23:50 - [TEST_STEP][PASSED] - delay(3, STOP_ON_FAILURE): Delayed 3 second(s)

14-03-2024T09:23:53 - [MESSAGE][PASSED] - Delayed 3 second(s)

14-03-2024T09:23:53 - [TEST_STEP][PASSED] - verifyElementPresent(findTestObject("Login Page/gambar_in_page_login"), 2): Object 'Object Repository/Login Page/gambar_in_page_login' is present

14-03-2024T09:23:54 - [MESSAGE][PASSED] - Object 'Object Repository/Login Page/gambar_in_page_login' is present

14-03-2024T09:23:54 - [TEST_STEP][PASSED] - setText(findTestObject("Login Page/FieldUname"), ""): Text '' is set on object 'Object Repository/Login Page/FieldUname'

14-03-2024T09:23:55 - [MESSAGE][PASSED] - Text '' is set on object 'Object Repository/Login Page/FieldUname'

14-03-2024T09:23:55 - [TEST_STEP][PASSED] - setText(findTestObject("Login Page/FielPass"), "secret_sauce"): Text 'secret_sauce' is set on object 'Object Repository/Login Page/FielPass'

14-03-2024T09:23:56 - [MESSAGE][PASSED] - Text 'secret_sauce' is set on object 'Object Repository/Login Page/FielPass'

14-03-2024T09:23:56 - [TEST_STEP][PASSED] - click(findTestObject("Login Page/BtnLogin")): Object: 'Object Repository/Login Page/BtnLogin' is clicked on

14-03-2024T09:23:56 - [MESSAGE][PASSED] - Object: 'Object Repository/Login Page/BtnLogin' is clicked on

14-03-2024T09:23:56 - [TEST_STEP][PASSED] - verifyElementPresent(findTestObject("Login Page/errorValidation"), 0): Object 'Object Repository/Login Page/errorValidation' is present

14-03-2024T09:23:57 - [MESSAGE][WARNING] - Timeout '0' is invalid. Using default page load timeout: '30'

14-03-2024T09:23:57 - [MESSAGE][PASSED] - Object 'Object Repository/Login Page/errorValidation' is present

14-03-2024T09:23:57 - [TEST_STEP][PASSED] - delay(3): Delayed 3 second(s)

14-03-2024T09:24:00 - [MESSAGE][PASSED] - Delayed 3 second(s)

14-03-2024T09:24:00 - [TEST_STEP][PASSED] - takeScreenshot(): Taking screenshot successfully

14-03-2024T09:24:00 - [MESSAGE][PASSED] - Taking screenshot successfully
[[ATTACHMENT|C:\\Users\\Asani\\git\\KatalonGitFreeProj\\Reports\\20240314_092310\\Page_Login\\Login_page\\20240314_092310\\1710383040733.png]]

14-03-2024T09:24:00 - [TEST_STEP][PASSED] - closeBrowser(): Browser is closed

14-03-2024T09:24:02 - [MESSAGE][PASSED] - Browser is closed]]></system-out>
         <system-err><![CDATA[]]></system-err>
      </testcase>
      <system-out><![CDATA[14-03-2024T09:23:17 - [TEST_SUITE][PASSED] - Login_page: Test Cases/LoginTest - Negative]]></system-out>
      <system-err><![CDATA[]]></system-err>
   </testsuite>
</testsuites>
